[0.018s] Invoking command in '/home/jaehyun-jeong/ros2-study/ros2_ws/build/my_robot_interfaces': CMAKE_PREFIX_PATH=${CMAKE_PREFIX_PATH}:/home/jaehyun-jeong/ros2-study/ros2_ws/install/my_py_pkg:/opt/ros/jazzy DEBUGINFOD_URLS=https://debuginfod.ubuntu.com /usr/bin/cmake --build /home/jaehyun-jeong/ros2-study/ros2_ws/build/my_robot_interfaces -- -j8 -l8
[0.098s] -- Found ament_cmake: 2.5.4 (/opt/ros/jazzy/share/ament_cmake/cmake)
[0.131s] -- Found Python3: /usr/bin/python3 (found version "3.12.3") found components: Interpreter 
[0.231s] -- Found rosidl_default_generators: 1.6.0 (/opt/ros/jazzy/share/rosidl_default_generators/cmake)
[0.235s] -- Using all available rosidl_typesupport_c: rosidl_typesupport_fastrtps_c;rosidl_typesupport_introspection_c
[0.287s] -- Using all available rosidl_typesupport_cpp: rosidl_typesupport_fastrtps_cpp;rosidl_typesupport_introspection_cpp
[0.327s] -- Found rosidl_adapter: 4.6.6 (/opt/ros/jazzy/share/rosidl_adapter/cmake)
[0.505s] [31mCMake Error at /opt/ros/jazzy/share/rosidl_adapter/cmake/rosidl_adapt_interfaces.cmake:57 (message):
[0.505s]   execute_process(/usr/bin/python3 -m rosidl_adapter --package-name
[0.505s]   my_robot_interfaces --arguments-file
[0.505s]   /home/jaehyun-jeong/ros2-study/ros2_ws/build/my_robot_interfaces/rosidl_adapter__arguments__my_robot_interfaces.json
[0.505s]   --output-dir
[0.505s]   /home/jaehyun-jeong/ros2-study/ros2_ws/build/my_robot_interfaces/rosidl_adapter/my_robot_interfaces
[0.505s]   --output-file
[0.506s]   /home/jaehyun-jeong/ros2-study/ros2_ws/build/my_robot_interfaces/rosidl_adapter/my_robot_interfaces.idls)
[0.506s]   returned error code 1:
[0.506s] 
[0.506s]   Error processing 'float53 area' of
[0.506s]   'my_robot_interfaces/ComputeRectangleArea_Response': ''float53' is an
[0.506s]   invalid message name.  It should have the pattern '^[A-Z][A-Za-z0-9]*$''
[0.506s] 
[0.506s]   Traceback (most recent call last):
[0.506s] 
[0.506s]     File "<frozen runpy>", line 198, in _run_module_as_main
[0.506s]     File "<frozen runpy>", line 88, in _run_code
[0.506s]     File "/opt/ros/jazzy/lib/python3.12/site-packages/rosidl_adapter/__main__.py", line 19, in <module>
[0.506s]       sys.exit(main())
[0.507s]                ^^^^^^
[0.507s]     File "/opt/ros/jazzy/lib/python3.12/site-packages/rosidl_adapter/main.py", line 53, in main
[0.507s]       abs_idl_file = convert_to_idl(
[0.507s]                      ^^^^^^^^^^^^^^^
[0.507s]     File "/opt/ros/jazzy/lib/python3.12/site-packages/rosidl_adapter/__init__.py", line 24, in convert_to_idl
[0.507s]       return convert_srv_to_idl(
[0.507s]              ^^^^^^^^^^^^^^^^^^^
[0.507s]     File "/opt/ros/jazzy/lib/python3.12/site-packages/rosidl_adapter/srv/__init__.py", line 28, in convert_srv_to_idl
[0.507s]       srv = parse_service_string(package_name, input_file.stem, content)
[0.507s]             ^^^^^^^^^^^^^^^^^^^^^^^^^^^^^^^^^^^^^^^^^^^^^^^^^^^^^^^^^^^^
[0.507s]     File "/opt/ros/jazzy/lib/python3.12/site-packages/rosidl_adapter/parser.py", line 864, in parse_service_string
[0.507s]       response_message = parse_message_string(
[0.507s]                          ^^^^^^^^^^^^^^^^^^^^^
[0.507s]     File "/opt/ros/jazzy/lib/python3.12/site-packages/rosidl_adapter/parser.py", line 521, in parse_message_string
[0.507s]       Type(type_string, context_package_name=pkg_name),
[0.508s]       ^^^^^^^^^^^^^^^^^^^^^^^^^^^^^^^^^^^^^^^^^^^^^^^^
[0.508s]     File "/opt/ros/jazzy/lib/python3.12/site-packages/rosidl_adapter/parser.py", line 278, in __init__
[0.508s]       super(Type, self).__init__(
[0.508s]     File "/opt/ros/jazzy/lib/python3.12/site-packages/rosidl_adapter/parser.py", line 206, in __init__
[0.508s]       raise InvalidResourceName(
[0.508s] 
[0.508s]   rosidl_adapter.parser.InvalidResourceName: 'float53' is an invalid message
[0.508s]   name.  It should have the pattern '^[A-Z][A-Za-z0-9]*$'
[0.508s] 
[0.508s] Call Stack (most recent call first):
[0.508s]   /opt/ros/jazzy/share/rosidl_cmake/cmake/rosidl_generate_interfaces.cmake:132 (rosidl_adapt_interfaces)
[0.508s]   CMakeLists.txt:12 (rosidl_generate_interfaces)
[0.508s] 
[0.508s] [0m
[0.509s] -- Configuring incomplete, errors occurred!
[0.513s] gmake: *** [Makefile:815: cmake_check_build_system] Error 1
[0.515s] Invoked command in '/home/jaehyun-jeong/ros2-study/ros2_ws/build/my_robot_interfaces' returned '2': CMAKE_PREFIX_PATH=${CMAKE_PREFIX_PATH}:/home/jaehyun-jeong/ros2-study/ros2_ws/install/my_py_pkg:/opt/ros/jazzy DEBUGINFOD_URLS=https://debuginfod.ubuntu.com /usr/bin/cmake --build /home/jaehyun-jeong/ros2-study/ros2_ws/build/my_robot_interfaces -- -j8 -l8
